{"tag": "function", "depth": 1, "time": 1731383488.061897, "data": {"name": "connect_device", "call_args": {"uri": "Android://127.0.0.1:5037"}, "start_time": 1731383487.7580621, "ret": "<Android '09181FDD4000E1'>", "end_time": 1731383488.061855}}
{"tag": "function", "depth": 1, "time": 1731383490.852135, "data": {"name": "start_app", "call_args": {"package": "com.philips.ph.homecare", "activity": null}, "start_time": 1731383490.577068, "ret": null, "end_time": 1731383490.852077}}
{"tag": "function", "depth": 3, "time": 1731383495.252107, "data": {"name": "_cv_match", "call_args": {"screen": "array([[[255, 255, 255],\n        [255, 255, 255],\n        [255, 255, 255],\n        ...,\n        [255, 255, 255],\n        [255, 255, 255],\n        [255, 255, 255]],\n\n       [[255, 255, 255],\n        [255, 255, 255],\n        [255, 255, 255],\n        ...,\n        [255, 255, 255],\n        [255, 255, 255],\n        [255, 255, 255]],\n\n       [[255, 255, 255],\n        [255, 255, 255],\n        [255, 255, 255],\n        ...,\n        [255, 255, 255],\n        [255, 255, 255],\n        [255, 255, 255]],\n\n       ...,\n\n       [[255, 255, 255],\n        [255, 255, 255],\n        [255, 255, 255],\n        ...,\n        [255, 255, 255],\n        [255, 255, 255],\n        [255, 255, 255]],\n\n       [[255, 255, 255],\n        [255, 255, 255],\n        [255, 255, 255],\n        ...,\n        [255, 255, 255],\n        [255, 255, 255],\n        [255, 255, 255]],\n\n       [[255, 255, 255],\n        [255, 255, 255],\n        [255, 255, 255],\n        ...,\n        [255, 255, 255],\n        [255, 255, 255],\n        [255, 255, 255]]], dtype=uint8)"}, "start_time": 1731383493.370263, "ret": null, "end_time": 1731383495.252078}}
{"tag": "function", "depth": 3, "time": 1731383497.43094, "data": {"name": "_cv_match", "call_args": {"screen": "array([[[255, 255, 255],\n        [255, 255, 255],\n        [255, 255, 255],\n        ...,\n        [255, 255, 255],\n        [255, 255, 255],\n        [255, 255, 255]],\n\n       [[255, 255, 255],\n        [255, 255, 255],\n        [255, 255, 255],\n        ...,\n        [255, 255, 255],\n        [255, 255, 255],\n        [255, 255, 255]],\n\n       [[255, 255, 255],\n        [255, 255, 255],\n        [255, 255, 255],\n        ...,\n        [255, 255, 255],\n        [255, 255, 255],\n        [255, 255, 255]],\n\n       ...,\n\n       [[255, 255, 255],\n        [255, 255, 255],\n        [255, 255, 255],\n        ...,\n        [255, 255, 255],\n        [255, 255, 255],\n        [255, 255, 255]],\n\n       [[255, 255, 255],\n        [255, 255, 255],\n        [255, 255, 255],\n        ...,\n        [255, 255, 255],\n        [255, 255, 255],\n        [255, 255, 255]],\n\n       [[255, 255, 255],\n        [255, 255, 255],\n        [255, 255, 255],\n        ...,\n        [255, 255, 255],\n        [255, 255, 255],\n        [255, 255, 255]]], dtype=uint8)"}, "start_time": 1731383495.8355148, "ret": null, "end_time": 1731383497.430903}}
{"tag": "function", "depth": 3, "time": 1731383499.823854, "data": {"name": "_cv_match", "call_args": {"screen": "array([[[255, 255, 255],\n        [255, 255, 255],\n        [255, 255, 255],\n        ...,\n        [255, 255, 255],\n        [255, 255, 255],\n        [255, 255, 255]],\n\n       [[255, 255, 255],\n        [255, 255, 255],\n        [255, 255, 255],\n        ...,\n        [255, 255, 255],\n        [255, 255, 255],\n        [255, 255, 255]],\n\n       [[255, 255, 255],\n        [255, 255, 255],\n        [255, 255, 255],\n        ...,\n        [255, 255, 255],\n        [255, 255, 255],\n        [255, 255, 255]],\n\n       ...,\n\n       [[255, 255, 255],\n        [255, 255, 255],\n        [255, 255, 255],\n        ...,\n        [255, 255, 255],\n        [255, 255, 255],\n        [255, 255, 255]],\n\n       [[255, 255, 255],\n        [255, 255, 255],\n        [255, 255, 255],\n        ...,\n        [255, 255, 255],\n        [255, 255, 255],\n        [255, 255, 255]],\n\n       [[255, 255, 255],\n        [255, 255, 255],\n        [255, 255, 255],\n        ...,\n        [255, 255, 255],\n        [255, 255, 255],\n        [255, 255, 255]]], dtype=uint8)"}, "start_time": 1731383498.054234, "ret": null, "end_time": 1731383499.823814}}
{"tag": "function", "depth": 3, "time": 1731383502.117633, "data": {"name": "_cv_match", "call_args": {"screen": "array([[[255, 255, 255],\n        [255, 255, 255],\n        [255, 255, 255],\n        ...,\n        [255, 255, 255],\n        [255, 255, 255],\n        [255, 255, 255]],\n\n       [[255, 255, 255],\n        [255, 255, 255],\n        [255, 255, 255],\n        ...,\n        [255, 255, 255],\n        [255, 255, 255],\n        [255, 255, 255]],\n\n       [[255, 255, 255],\n        [255, 255, 255],\n        [255, 255, 255],\n        ...,\n        [255, 255, 255],\n        [255, 255, 255],\n        [255, 255, 255]],\n\n       ...,\n\n       [[255, 255, 255],\n        [255, 255, 255],\n        [255, 255, 255],\n        ...,\n        [255, 255, 255],\n        [255, 255, 255],\n        [255, 255, 255]],\n\n       [[255, 255, 255],\n        [255, 255, 255],\n        [255, 255, 255],\n        ...,\n        [255, 255, 255],\n        [255, 255, 255],\n        [255, 255, 255]],\n\n       [[255, 255, 255],\n        [255, 255, 255],\n        [255, 255, 255],\n        ...,\n        [255, 255, 255],\n        [255, 255, 255],\n        [255, 255, 255]]], dtype=uint8)"}, "start_time": 1731383500.371526, "ret": null, "end_time": 1731383502.117595}}
{"tag": "function", "depth": 3, "time": 1731383504.378947, "data": {"name": "_cv_match", "call_args": {"screen": "array([[[255, 255, 255],\n        [255, 255, 255],\n        [255, 255, 255],\n        ...,\n        [255, 255, 255],\n        [255, 255, 255],\n        [255, 255, 255]],\n\n       [[255, 255, 255],\n        [255, 255, 255],\n        [255, 255, 255],\n        ...,\n        [255, 255, 255],\n        [255, 255, 255],\n        [255, 255, 255]],\n\n       [[255, 255, 255],\n        [255, 255, 255],\n        [255, 255, 255],\n        ...,\n        [255, 255, 255],\n        [255, 255, 255],\n        [255, 255, 255]],\n\n       ...,\n\n       [[255, 255, 255],\n        [255, 255, 255],\n        [255, 255, 255],\n        ...,\n        [255, 255, 255],\n        [255, 255, 255],\n        [255, 255, 255]],\n\n       [[255, 255, 255],\n        [255, 255, 255],\n        [255, 255, 255],\n        ...,\n        [255, 255, 255],\n        [255, 255, 255],\n        [255, 255, 255]],\n\n       [[255, 255, 255],\n        [255, 255, 255],\n        [255, 255, 255],\n        ...,\n        [255, 255, 255],\n        [255, 255, 255],\n        [255, 255, 255]]], dtype=uint8)"}, "start_time": 1731383502.748479, "ret": null, "end_time": 1731383504.378921}}
{"tag": "function", "depth": 3, "time": 1731383506.6854012, "data": {"name": "_cv_match", "call_args": {"screen": "array([[[255, 255, 255],\n        [255, 255, 255],\n        [255, 255, 255],\n        ...,\n        [255, 255, 255],\n        [255, 255, 255],\n        [255, 255, 255]],\n\n       [[255, 255, 255],\n        [255, 255, 255],\n        [255, 255, 255],\n        ...,\n        [255, 255, 255],\n        [255, 255, 255],\n        [255, 255, 255]],\n\n       [[255, 255, 255],\n        [255, 255, 255],\n        [255, 255, 255],\n        ...,\n        [255, 255, 255],\n        [255, 255, 255],\n        [255, 255, 255]],\n\n       ...,\n\n       [[255, 255, 255],\n        [255, 255, 255],\n        [255, 255, 255],\n        ...,\n        [255, 255, 255],\n        [255, 255, 255],\n        [255, 255, 255]],\n\n       [[255, 255, 255],\n        [255, 255, 255],\n        [255, 255, 255],\n        ...,\n        [255, 255, 255],\n        [255, 255, 255],\n        [255, 255, 255]],\n\n       [[255, 255, 255],\n        [255, 255, 255],\n        [255, 255, 255],\n        ...,\n        [255, 255, 255],\n        [255, 255, 255],\n        [255, 255, 255]]], dtype=uint8)"}, "start_time": 1731383504.963233, "ret": null, "end_time": 1731383506.68531}}
{"tag": "function", "depth": 3, "time": 1731383509.191266, "data": {"name": "_cv_match", "call_args": {"screen": "array([[[255, 255, 255],\n        [255, 255, 255],\n        [255, 255, 255],\n        ...,\n        [255, 255, 255],\n        [255, 255, 255],\n        [255, 255, 255]],\n\n       [[255, 255, 255],\n        [255, 255, 255],\n        [255, 255, 255],\n        ...,\n        [255, 255, 255],\n        [255, 255, 255],\n        [255, 255, 255]],\n\n       [[255, 255, 255],\n        [255, 255, 255],\n        [255, 255, 255],\n        ...,\n        [255, 255, 255],\n        [255, 255, 255],\n        [255, 255, 255]],\n\n       ...,\n\n       [[255, 255, 255],\n        [255, 255, 255],\n        [255, 255, 255],\n        ...,\n        [255, 255, 255],\n        [255, 255, 255],\n        [255, 255, 255]],\n\n       [[255, 255, 255],\n        [255, 255, 255],\n        [255, 255, 255],\n        ...,\n        [255, 255, 255],\n        [255, 255, 255],\n        [255, 255, 255]],\n\n       [[255, 255, 255],\n        [255, 255, 255],\n        [255, 255, 255],\n        ...,\n        [255, 255, 255],\n        [255, 255, 255],\n        [255, 255, 255]]], dtype=uint8)"}, "start_time": 1731383507.305015, "ret": null, "end_time": 1731383509.191226}}
{"tag": "function", "depth": 3, "time": 1731383511.589438, "data": {"name": "_cv_match", "call_args": {"screen": "array([[[255, 255, 255],\n        [255, 255, 255],\n        [255, 255, 255],\n        ...,\n        [255, 255, 255],\n        [255, 255, 255],\n        [255, 255, 255]],\n\n       [[255, 255, 255],\n        [255, 255, 255],\n        [255, 255, 255],\n        ...,\n        [255, 255, 255],\n        [255, 255, 255],\n        [255, 255, 255]],\n\n       [[255, 255, 255],\n        [255, 255, 255],\n        [255, 255, 255],\n        ...,\n        [255, 255, 255],\n        [255, 255, 255],\n        [255, 255, 255]],\n\n       ...,\n\n       [[255, 255, 255],\n        [255, 255, 255],\n        [255, 255, 255],\n        ...,\n        [255, 255, 255],\n        [255, 255, 255],\n        [255, 255, 255]],\n\n       [[255, 255, 255],\n        [255, 255, 255],\n        [255, 255, 255],\n        ...,\n        [255, 255, 255],\n        [255, 255, 255],\n        [255, 255, 255]],\n\n       [[255, 255, 255],\n        [255, 255, 255],\n        [255, 255, 255],\n        ...,\n        [255, 255, 255],\n        [255, 255, 255],\n        [255, 255, 255]]], dtype=uint8)"}, "start_time": 1731383509.823313, "ret": null, "end_time": 1731383511.589398}}
{"tag": "function", "depth": 3, "time": 1731383511.665329, "data": {"name": "try_log_screen", "call_args": {"screen": "array([[[255, 255, 255],\n        [255, 255, 255],\n        [255, 255, 255],\n        ...,\n        [255, 255, 255],\n        [255, 255, 255],\n        [255, 255, 255]],\n\n       [[255, 255, 255],\n        [255, 255, 255],\n        [255, 255, 255],\n        ...,\n        [255, 255, 255],\n        [255, 255, 255],\n        [255, 255, 255]],\n\n       [[255, 255, 255],\n        [255, 255, 255],\n        [255, 255, 255],\n        ...,\n        [255, 255, 255],\n        [255, 255, 255],\n        [255, 255, 255]],\n\n       ...,\n\n       [[255, 255, 255],\n        [255, 255, 255],\n        [255, 255, 255],\n        ...,\n        [255, 255, 255],\n        [255, 255, 255],\n        [255, 255, 255]],\n\n       [[255, 255, 255],\n        [255, 255, 255],\n        [255, 255, 255],\n        ...,\n        [255, 255, 255],\n        [255, 255, 255],\n        [255, 255, 255]],\n\n       [[255, 255, 255],\n        [255, 255, 255],\n        [255, 255, 255],\n        ...,\n        [255, 255, 255],\n        [255, 255, 255],\n        [255, 255, 255]]], dtype=uint8)", "quality": null, "max_size": null}, "start_time": 1731383511.591249, "ret": {"screen": "1731383511591.jpg", "resolution": [1080, 2340]}, "end_time": 1731383511.6653109}}
{"tag": "function", "depth": 2, "time": 1731383511.669496, "data": {"name": "loop_find", "call_args": {"query": {"filename": "tpl1725355176952.png", "_filepath": "air+ - Checking the profile page(No device).air/tpl1725355176952.png", "threshold": 0.7, "target_pos": 5, "record_pos": [-0.009, -0.356], "resolution": [1080, 2340], "rgb": false, "scale_max": 800, "scale_step": 0.005, "__class__": "Template"}, "timeout": 20, "threshold": 0.7, "interval": 0.5, "intervalfunc": null}, "start_time": 1731383490.853204, "traceback": "Traceback (most recent call last):\n  File \"/Library/Frameworks/Python.framework/Versions/3.7/lib/python3.7/site-packages/airtest/utils/logwraper.py\", line 134, in wrapper\n    res = f(*args, **kwargs)\n  File \"/Library/Frameworks/Python.framework/Versions/3.7/lib/python3.7/site-packages/airtest/core/cv.py\", line 80, in loop_find\n    raise TargetNotFoundError('Picture %s not found in screen' % query)\nairtest.core.error.TargetNotFoundError: 'Picture Template(air+ - Checking the profile page(No device).air/tpl1725355176952.png) not found in screen'\n", "end_time": 1731383511.669486}}
{"tag": "function", "depth": 1, "time": 1731383511.670652, "data": {"name": "assert_exists", "call_args": {"v": {"filename": "tpl1725355176952.png", "_filepath": "air+ - Checking the profile page(No device).air/tpl1725355176952.png", "threshold": 0.7, "target_pos": 5, "record_pos": [-0.009, -0.356], "resolution": [1080, 2340], "rgb": false, "scale_max": 800, "scale_step": 0.005, "__class__": "Template"}, "msg": "app\u5728\u4e3b\u9875\u5e76\u4e14\u672a\u8fde\u63a5\u8bbe\u5907"}, "start_time": 1731383490.852708, "traceback": "Traceback (most recent call last):\n  File \"/Library/Frameworks/Python.framework/Versions/3.7/lib/python3.7/site-packages/airtest/core/assertions.py\", line 27, in assert_exists\n    pos = loop_find(v, timeout=ST.FIND_TIMEOUT, threshold=ST.THRESHOLD_STRICT or v.threshold)\n  File \"/Library/Frameworks/Python.framework/Versions/3.7/lib/python3.7/site-packages/airtest/utils/logwraper.py\", line 134, in wrapper\n    res = f(*args, **kwargs)\n  File \"/Library/Frameworks/Python.framework/Versions/3.7/lib/python3.7/site-packages/airtest/core/cv.py\", line 80, in loop_find\n    raise TargetNotFoundError('Picture %s not found in screen' % query)\nairtest.core.error.TargetNotFoundError: 'Picture Template(air+ - Checking the profile page(No device).air/tpl1725355176952.png) not found in screen'\n\nDuring handling of the above exception, another exception occurred:\n\nTraceback (most recent call last):\n  File \"/Library/Frameworks/Python.framework/Versions/3.7/lib/python3.7/site-packages/airtest/utils/logwraper.py\", line 134, in wrapper\n    res = f(*args, **kwargs)\n  File \"/Library/Frameworks/Python.framework/Versions/3.7/lib/python3.7/site-packages/airtest/core/assertions.py\", line 30, in assert_exists\n    raise AssertionError(\"%s does not exist in screen, message: %s\" % (v, msg))\nAssertionError: Template(air+ - Checking the profile page(No device).air/tpl1725355176952.png) does not exist in screen, message: app\u5728\u4e3b\u9875\u5e76\u4e14\u672a\u8fde\u63a5\u8bbe\u5907\n", "end_time": 1731383511.670644}}
